<?xml version="1.0" encoding="UTF-8"?>
<!-- Generated by org.testng.reporters.JUnitXMLReporter -->
<testsuite ignored="0" hostname="DESKTOP-A3I7V83" failures="0" tests="5" name="Default test" time="0.191" errors="0" timestamp="2023-07-25T19:22:56 IST">
  <testcase classname="intro.Invocation_Count" name="m1" time="0.023"/>
  <testcase classname="intro.Invocation_Count" name="m1" time="0.011"/>
  <testcase classname="intro.Invocation_Count" name="m1" time="0.005"/>
  <testcase classname="intro.Invocation_Count" name="m1" time="0.005"/>
  <testcase classname="intro.Invocation_Count" name="m1" time="0.004"/>
</testsuite> <!-- Default test -->
